<?xml version="1.0" encoding="UTF-8"?>
<!-- Generated by org.testng.reporters.JUnitXMLReporter -->
<testsuite ignored="0" hostname="Praful" failures="0" tests="5" name="Default test" time="16.835" errors="0" timestamp="2024-07-16T20:44:35 IST">
  <testcase classname="Tutorial9.EndToEndTC" name="setUp" time="6.674"/>
  <testcase classname="Tutorial9.EndToEndTC" name="validateLoginFunctionality" time="9.331"/>
  <testcase classname="Tutorial9.EndToEndTC" name="validateHomePageTitle" time="0.021"/>
  <testcase classname="Tutorial9.EndToEndTC" name="validateHomePageurl" time="0.014"/>
  <testcase classname="Tutorial9.EndToEndTC" name="validatePIMPageurl" time="0.755"/>
</testsuite> <!-- Default test -->
