<?xml version="1.0" encoding="UTF-8"?>
<!-- Generated by org.testng.reporters.JUnitXMLReporter -->
<testsuite ignored="0" hostname="Praful" failures="0" tests="4" name="Default test" time="18.049" errors="0" timestamp="2024-07-16T20:40:29 IST">
  <testcase classname="Tutorial9.EndToEndTC" name="setUp" time="8.438"/>
  <testcase classname="Tutorial9.EndToEndTC" name="validateLoginFunctionality" time="9.513"/>
  <testcase classname="Tutorial9.EndToEndTC" name="validateHomePageTitle" time="0.039"/>
  <testcase classname="Tutorial9.EndToEndTC" name="validateHomePageurl" time="0.017"/>
</testsuite> <!-- Default test -->
