<?xml version="1.0" encoding="UTF-8"?>
<testng-results ignored="0" total="2" passed="2" failed="0" skipped="0">
  <reporter-output>
  </reporter-output>
  <suite started-at="2024-07-16T20:27:52 IST" name="Default suite" finished-at="2024-07-16T20:28:15 IST" duration-ms="22536">
    <groups>
    </groups>
    <test started-at="2024-07-16T20:27:52 IST" name="Default test" finished-at="2024-07-16T20:28:15 IST" duration-ms="22536">
      <class name="Tutorial9.EndToEndTC">
        <test-method signature="setUp()[pri:0, instance:Tutorial9.EndToEndTC@31c88ec8]" started-at="2024-07-16T20:27:52 IST" name="setUp" finished-at="2024-07-16T20:27:55 IST" duration-ms="2727" status="PASS">
          <reporter-output>
          </reporter-output>
        </test-method> <!-- setUp -->
        <test-method signature="validateLoginFunctionality()[pri:1, instance:Tutorial9.EndToEndTC@31c88ec8]" started-at="2024-07-16T20:27:55 IST" name="validateLoginFunctionality" finished-at="2024-07-16T20:28:15 IST" duration-ms="19752" status="PASS">
          <reporter-output>
          </reporter-output>
        </test-method> <!-- validateLoginFunctionality -->
      </class> <!-- Tutorial9.EndToEndTC -->
    </test> <!-- Default test -->
  </suite> <!-- Default suite -->
</testng-results>
